mode: set
github.com/MatsumaruTsuyoshi/sample_todo_api/controller/router.go:15.42,17.2 1 1
github.com/MatsumaruTsuyoshi/sample_todo_api/controller/router.go:19.78,20.18 1 1
github.com/MatsumaruTsuyoshi/sample_todo_api/controller/router.go:21.13,22.23 1 1
github.com/MatsumaruTsuyoshi/sample_todo_api/controller/router.go:23.14,24.23 1 0
github.com/MatsumaruTsuyoshi/sample_todo_api/controller/router.go:25.13,26.22 1 1
github.com/MatsumaruTsuyoshi/sample_todo_api/controller/router.go:27.16,28.25 1 1
github.com/MatsumaruTsuyoshi/sample_todo_api/controller/router.go:29.10,30.21 1 1
github.com/MatsumaruTsuyoshi/sample_todo_api/controller/todo_controller.go:25.69,27.2 1 1
github.com/MatsumaruTsuyoshi/sample_todo_api/controller/todo_controller.go:29.76,31.16 2 1
github.com/MatsumaruTsuyoshi/sample_todo_api/controller/todo_controller.go:36.2,37.26 2 1
github.com/MatsumaruTsuyoshi/sample_todo_api/controller/todo_controller.go:41.2,47.17 5 1
github.com/MatsumaruTsuyoshi/sample_todo_api/controller/todo_controller.go:31.16,34.3 2 1
github.com/MatsumaruTsuyoshi/sample_todo_api/controller/todo_controller.go:37.26,39.3 1 1
github.com/MatsumaruTsuyoshi/sample_todo_api/controller/todo_controller.go:50.76,58.16 7 1
github.com/MatsumaruTsuyoshi/sample_todo_api/controller/todo_controller.go:63.2,64.20 2 1
github.com/MatsumaruTsuyoshi/sample_todo_api/controller/todo_controller.go:58.16,61.3 2 1
github.com/MatsumaruTsuyoshi/sample_todo_api/controller/todo_controller.go:67.75,69.16 2 1
github.com/MatsumaruTsuyoshi/sample_todo_api/controller/todo_controller.go:74.2,81.16 7 1
github.com/MatsumaruTsuyoshi/sample_todo_api/controller/todo_controller.go:86.2,86.20 1 1
github.com/MatsumaruTsuyoshi/sample_todo_api/controller/todo_controller.go:69.16,72.3 2 1
github.com/MatsumaruTsuyoshi/sample_todo_api/controller/todo_controller.go:81.16,84.3 2 1
github.com/MatsumaruTsuyoshi/sample_todo_api/controller/todo_controller.go:89.78,91.16 2 1
github.com/MatsumaruTsuyoshi/sample_todo_api/controller/todo_controller.go:96.2,97.16 2 1
github.com/MatsumaruTsuyoshi/sample_todo_api/controller/todo_controller.go:102.2,102.20 1 1
github.com/MatsumaruTsuyoshi/sample_todo_api/controller/todo_controller.go:91.16,94.3 2 1
github.com/MatsumaruTsuyoshi/sample_todo_api/controller/todo_controller.go:97.16,100.3 2 1
